<?xml version="1.0" encoding="UTF-8"?>
<!-- Generated by org.testng.reporters.JUnitReportReporter -->
<testsuite hostname="DESKTOP-KP57JNV" failures="0" tests="1" name="com.cyclos.testcases.RegistrationTestCase" time="290.698" errors="0" timestamp="2024-11-13T22:44:09 IST" skipped="0">
  <testcase classname="com.cyclos.testcases.RegistrationTestCase" name="registrationTest" time="290.698"/>
</testsuite> <!-- com.cyclos.testcases.RegistrationTestCase -->
