<?xml version="1.0" encoding="UTF-8"?>
<!-- Generated by org.testng.reporters.JUnitReportReporter -->
<testsuite hostname="DESKTOP-KP57JNV" failures="0" tests="1" name="com.cyclos.testcases.LoginTestCase" time="6.235" errors="0" timestamp="2024-11-13T22:44:08 IST" skipped="0">
  <testcase classname="com.cyclos.testcases.LoginTestCase" name="loginTest" time="6.235"/>
</testsuite> <!-- com.cyclos.testcases.LoginTestCase -->
