<?xml version="1.0" encoding="UTF-8"?>
<!-- Generated by org.testng.reporters.JUnitReportReporter -->
<testsuite hostname="DESKTOP-KP57JNV" failures="0" tests="1" name="com.cyclos.testcases.PaymentTestCase" time="245.103" errors="0" timestamp="2024-11-22T17:02:32 IST" skipped="0">
  <testcase classname="com.cyclos.testcases.PaymentTestCase" name="paymentTest" time="245.103"/>
</testsuite> <!-- com.cyclos.testcases.PaymentTestCase -->
