<?xml version="1.0" encoding="UTF-8"?>
<!-- Generated by org.testng.reporters.JUnitReportReporter -->
<testsuite hostname="DESKTOP-KP57JNV" failures="0" tests="19" name="dataproviderdemo" time="0.191" errors="0" timestamp="2024-11-12T03:06:19 IST" skipped="0">
  <testcase classname="dataproviderdemo" name="getUserName" time="0.065"/>
  <testcase classname="dataproviderdemo" name="getUserName" time="0.006"/>
  <testcase classname="dataproviderdemo" name="getUserName" time="0.009"/>
  <testcase classname="dataproviderdemo" name="getUserName" time="0.006"/>
  <testcase classname="dataproviderdemo" name="getempNameMobileDetails" time="0.008"/>
  <testcase classname="dataproviderdemo" name="getempNameMobileDetails" time="0.012"/>
  <testcase classname="dataproviderdemo" name="getempNameMobileDetails" time="0.009"/>
  <testcase classname="dataproviderdemo" name="getempNameMobileDetails" time="0.005"/>
  <testcase classname="dataproviderdemo" name="getempDetails" time="0.006"/>
  <testcase classname="dataproviderdemo" name="getempDetails" time="0.010"/>
  <testcase classname="dataproviderdemo" name="getempDetails" time="0.008"/>
  <testcase classname="dataproviderdemo" name="getempDetails" time="0.007"/>
  <testcase classname="dataproviderdemo" name="getListUserNames" time="0.006"/>
  <testcase classname="dataproviderdemo" name="getListUserNames" time="0.008"/>
  <testcase classname="dataproviderdemo" name="getListUserNames" time="0.004"/>
  <testcase classname="dataproviderdemo" name="getListUserNames" time="0.006"/>
  <testcase classname="dataproviderdemo" name="getListUserNames" time="0.003"/>
  <testcase classname="dataproviderdemo" name="getListEmpDetails" time="0.005"/>
  <testcase classname="dataproviderdemo" name="getListEmpDetails" time="0.008"/>
</testsuite> <!-- dataproviderdemo -->
