<?xml version="1.0" encoding="UTF-8"?>
<!-- Generated by org.testng.reporters.JUnitReportReporter -->
<testsuite hostname="DESKTOP-KP57JNV" failures="0" tests="1" name="CyclosV1TestCases" time="95.277" errors="0" timestamp="2024-11-11T16:42:20 IST" skipped="0">
  <testcase classname="CyclosV1TestCases" name="registration" time="95.277"/>
</testsuite> <!-- CyclosV1TestCases -->
